[29990][1556912634166][shared][info]["EventBus\\x7einitialize - Success"]
[29990][1556912634170][shared][info]["Messaging\\x7eboot - Success"]
[29990][1556912634187][shared][info]["Telemetry\\x7eboot - Success"]
[29990][1556912634195][shared][info]["bootConfigurations\\x7einitialize - Success"]
[29990][1556912634205][shared][info]["Settings\\x7eboot - Success"]
[29990][1556912634208][shared][info]["Migrations: Starting migrations"]
[29990][1556912634209][shared][info]["Migrations: Walking migration","0000_initial"]
[29990][1556912634209][shared][info]["Migrations: Walking migration","0001_add_archived_resources_table"]
[29990][1556912634210][shared][info]["Migrations: Walking migration","0002_add_variable_sessions_table"]
[29990][1556912634210][shared][info]["Migrations: Walking migration","0003_add_editor_tables"]
[29990][1556912634211][shared][info]["Migrations: Walking migration","0004_migrate_ws_session_data"]
[29990][1556912634211][shared][info]["Migrations: Walking migration","0005_cleanup_request_response_and_history_body"]
[29990][1556912634212][shared][info]["Migrations: Walking migration","0006_add_dbp_to_request_response_and_history"]
[29990][1556912634213][shared][info]["Migrations: Walking migration","0007_add_sync_client_buckets_by_order_id_table"]
[29990][1556912634213][shared][info]["Migrations: Walking migration","0008_migrate_to_sync_client_buckets_by_order_id"]
[29990][1556912634214][shared][info]["Migrations: Walking migration","0009_remove_sync_client_buckets_table"]
[29990][1556912634214][shared][info]["Migrations: Walking migration","0010_add_history_owner"]
[29990][1556912634215][shared][info]["Migrations: Walking migration","0011_add_history_response_table"]
[29990][1556912634215][shared][info]["Migrations: Walking migration","0012_add_user_data_table"]
[29990][1556912634215][shared][info]["Migrations: Walking migration","0013_sanitize_request_response_and_history_methods"]
[29990][1556912634216][shared][info]["Migrations: Walking migration","0014_sanitize_response_requestobject_rawmodedata"]
[29990][1556912634217][shared][info]["Migrations: Starting migration","0000_initial"]
[29990][1556912634217][shared][info]["Migrations: Setting context before starting migration","0000_initial",{"0000_initial":"started"}]
[29990][1556912634218][shared][info]["Migrations: Applying migration","0000_initial"]
[29990][1556912634218][shared][info]["Migrations: Upgrading IndexedDB to version","0000_initial",1]
[29990][1556912634220][shared][info]["Migrations: Adding pending commit to queue","0000_initial"]
[29990][1556912634220][shared][info]["Migrations: Starting migration","0001_add_archived_resources_table"]
[29990][1556912634221][shared][info]["Migrations: Setting context before starting migration","0001_add_archived_resources_table",{"0000_initial":"started","0001_add_archived_resources_table":"started"}]
[29990][1556912634221][shared][info]["Migrations: Applying migration","0001_add_archived_resources_table"]
[29990][1556912634222][shared][info]["Migrations: Upgrading IndexedDB to version","0001_add_archived_resources_table",2]
[29990][1556912634225][shared][info]["Migrations: Adding pending commit to queue","0001_add_archived_resources_table"]
[29990][1556912634226][shared][info]["Migrations: Starting migration","0002_add_variable_sessions_table"]
[29990][1556912634226][shared][info]["Migrations: Setting context before starting migration","0002_add_variable_sessions_table",{"0000_initial":"started","0001_add_archived_resources_table":"started","0002_add_variable_sessions_table":"started"}]
[29990][1556912634227][shared][info]["Migrations: Applying migration","0002_add_variable_sessions_table"]
[29990][1556912634227][shared][info]["Migrations: Upgrading IndexedDB to version","0002_add_variable_sessions_table",3]
[29990][1556912634231][shared][info]["Migrations: Adding pending commit to queue","0002_add_variable_sessions_table"]
[29990][1556912634231][shared][info]["Migrations: Starting migration","0003_add_editor_tables"]
[29990][1556912634231][shared][info]["Migrations: Setting context before starting migration","0003_add_editor_tables",{"0000_initial":"started","0001_add_archived_resources_table":"started","0002_add_variable_sessions_table":"started","0003_add_editor_tables":"started"}]
[29990][1556912634232][shared][info]["Migrations: Applying migration","0003_add_editor_tables"]
[29990][1556912634232][shared][info]["Migrations: Upgrading IndexedDB to version","0003_add_editor_tables",4]
[29990][1556912634238][shared][info]["Migrations: Adding pending commit to queue","0003_add_editor_tables"]
[29990][1556912634238][shared][info]["Migrations: Starting migration","0004_migrate_ws_session_data"]
[29990][1556912634239][shared][info]["Migrations: Flushing pending migrations for","0004_migrate_ws_session_data"]
[29990][1556912634240][shared][info]["Migrations: Flushing pending commit for type","IndexeddbSchemaMigration"]
[29990][1556912634241][shared][info]["Migrations: Committing IndexedDB upgrade"]
[29990][1556912634787][shared][info]["Migrations: Updating status in migration context",{"0000_initial":"started","0001_add_archived_resources_table":"started","0002_add_variable_sessions_table":"started","0003_add_editor_tables":"started"}]
[29990][1556912634789][shared][info]["Migrations: Updated status in migration context",{"0000_initial":"finished","0001_add_archived_resources_table":"finished","0002_add_variable_sessions_table":"finished","0003_add_editor_tables":"finished"}]
[29990][1556912634790][shared][info]["Migrations: Setting context before starting migration","0004_migrate_ws_session_data",{"0000_initial":"finished","0001_add_archived_resources_table":"finished","0002_add_variable_sessions_table":"finished","0003_add_editor_tables":"finished","0004_migrate_ws_session_data":"started"}]
[29990][1556912634792][shared][info]["Migrations: Applying migration","0004_migrate_ws_session_data"]
[29990][1556912634793][shared][info]["Migrations: Processing IndexedDB data migration","0004_migrate_ws_session_data"]
[29990][1556912634798][shared][info]["Migration\\x7eTabs: Starting migration"]
[29990][1556912634806][shared][info]["Migration\\x7eTabs: Completed transformation"]
[29990][1556912634808][shared][info]["Migration\\x7eTabs: Creating editors"]
[29990][1556912634814][shared][info]["Migration\\x7eTabs: Creating editor models"]
[29990][1556912634816][shared][info]["Migrations: Saving migration context after completion","0004_migrate_ws_session_data",{"0000_initial":"finished","0001_add_archived_resources_table":"finished","0002_add_variable_sessions_table":"finished","0003_add_editor_tables":"finished","0004_migrate_ws_session_data":"started"}]
[29990][1556912634817][shared][info]["Migrations: Starting migration","0005_cleanup_request_response_and_history_body"]
[29990][1556912634818][shared][info]["Migrations: Flushing pending migrations for","0005_cleanup_request_response_and_history_body"]
[29990][1556912634818][shared][info]["Migrations: Updating status in migration context",{"0000_initial":"finished","0001_add_archived_resources_table":"finished","0002_add_variable_sessions_table":"finished","0003_add_editor_tables":"finished","0004_migrate_ws_session_data":"finished"}]
[29990][1556912634819][shared][info]["Migrations: Updated status in migration context",{"0000_initial":"finished","0001_add_archived_resources_table":"finished","0002_add_variable_sessions_table":"finished","0003_add_editor_tables":"finished","0004_migrate_ws_session_data":"finished"}]
[29990][1556912634819][shared][info]["Migrations: Setting context before starting migration","0005_cleanup_request_response_and_history_body",{"0000_initial":"finished","0001_add_archived_resources_table":"finished","0002_add_variable_sessions_table":"finished","0003_add_editor_tables":"finished","0004_migrate_ws_session_data":"finished","0005_cleanup_request_response_and_history_body":"started"}]
[29990][1556912634820][shared][info]["Migrations: Applying migration","0005_cleanup_request_response_and_history_body"]
[29990][1556912634821][shared][info]["Migrations: Processing IndexedDB data migration","0005_cleanup_request_response_and_history_body"]
[29990][1556912634835][shared][info]["Migrations: Saving migration context after completion","0005_cleanup_request_response_and_history_body",{"0000_initial":"finished","0001_add_archived_resources_table":"finished","0002_add_variable_sessions_table":"finished","0003_add_editor_tables":"finished","0004_migrate_ws_session_data":"finished","0005_cleanup_request_response_and_history_body":"started"}]
[29990][1556912634836][shared][info]["Migrations: Starting migration","0006_add_dbp_to_request_response_and_history"]
[29990][1556912634836][shared][info]["Migrations: Flushing pending migrations for","0006_add_dbp_to_request_response_and_history"]
[29990][1556912634836][shared][info]["Migrations: Updating status in migration context",{"0000_initial":"finished","0001_add_archived_resources_table":"finished","0002_add_variable_sessions_table":"finished","0003_add_editor_tables":"finished","0004_migrate_ws_session_data":"finished","0005_cleanup_request_response_and_history_body":"finished"}]
[29990][1556912634854][shared][info]["Migrations: Updated status in migration context",{"0000_initial":"finished","0001_add_archived_resources_table":"finished","0002_add_variable_sessions_table":"finished","0003_add_editor_tables":"finished","0004_migrate_ws_session_data":"finished","0005_cleanup_request_response_and_history_body":"finished"}]
[29990][1556912634855][shared][info]["Migrations: Setting context before starting migration","0006_add_dbp_to_request_response_and_history",{"0000_initial":"finished","0001_add_archived_resources_table":"finished","0002_add_variable_sessions_table":"finished","0003_add_editor_tables":"finished","0004_migrate_ws_session_data":"finished","0005_cleanup_request_response_and_history_body":"finished","0006_add_dbp_to_request_response_and_history":"started"}]
[29990][1556912634857][shared][info]["Migrations: Applying migration","0006_add_dbp_to_request_response_and_history"]
[29990][1556912634857][shared][info]["Migrations: Processing IndexedDB data migration","0006_add_dbp_to_request_response_and_history"]
[29990][1556912634868][shared][info]["Migrations: Saving migration context after completion","0006_add_dbp_to_request_response_and_history",{"0000_initial":"finished","0001_add_archived_resources_table":"finished","0002_add_variable_sessions_table":"finished","0003_add_editor_tables":"finished","0004_migrate_ws_session_data":"finished","0005_cleanup_request_response_and_history_body":"finished","0006_add_dbp_to_request_response_and_history":"started"}]
[29990][1556912634869][shared][info]["Migrations: Starting migration","0007_add_sync_client_buckets_by_order_id_table"]
[29990][1556912634869][shared][info]["Migrations: Setting context before starting migration","0007_add_sync_client_buckets_by_order_id_table",{"0000_initial":"finished","0001_add_archived_resources_table":"finished","0002_add_variable_sessions_table":"finished","0003_add_editor_tables":"finished","0004_migrate_ws_session_data":"finished","0005_cleanup_request_response_and_history_body":"finished","0006_add_dbp_to_request_response_and_history":"finished","0007_add_sync_client_buckets_by_order_id_table":"started"}]
[29990][1556912634871][shared][info]["Migrations: Applying migration","0007_add_sync_client_buckets_by_order_id_table"]
[29990][1556912634871][shared][info]["Migrations: Upgrading IndexedDB to version","0007_add_sync_client_buckets_by_order_id_table",5]
[29990][1556912634876][shared][info]["Migrations: Adding pending commit to queue","0007_add_sync_client_buckets_by_order_id_table"]
[29990][1556912634877][shared][info]["Migrations: Starting migration","0008_migrate_to_sync_client_buckets_by_order_id"]
[29990][1556912634878][shared][info]["Migrations: Flushing pending migrations for","0008_migrate_to_sync_client_buckets_by_order_id"]
[29990][1556912634878][shared][info]["Migrations: Flushing pending commit for type","IndexeddbSchemaMigration"]
[29990][1556912634879][shared][info]["Migrations: Committing IndexedDB upgrade"]
[29990][1556912635105][shared][info]["Migrations: Updating status in migration context",{"0000_initial":"finished","0001_add_archived_resources_table":"finished","0002_add_variable_sessions_table":"finished","0003_add_editor_tables":"finished","0004_migrate_ws_session_data":"finished","0005_cleanup_request_response_and_history_body":"finished","0006_add_dbp_to_request_response_and_history":"finished","0007_add_sync_client_buckets_by_order_id_table":"started"}]
[29990][1556912635108][shared][info]["Migrations: Updated status in migration context",{"0000_initial":"finished","0001_add_archived_resources_table":"finished","0002_add_variable_sessions_table":"finished","0003_add_editor_tables":"finished","0004_migrate_ws_session_data":"finished","0005_cleanup_request_response_and_history_body":"finished","0006_add_dbp_to_request_response_and_history":"finished","0007_add_sync_client_buckets_by_order_id_table":"finished"}]
[29990][1556912635111][shared][info]["Migrations: Setting context before starting migration","0008_migrate_to_sync_client_buckets_by_order_id",{"0000_initial":"finished","0001_add_archived_resources_table":"finished","0002_add_variable_sessions_table":"finished","0003_add_editor_tables":"finished","0004_migrate_ws_session_data":"finished","0005_cleanup_request_response_and_history_body":"finished","0006_add_dbp_to_request_response_and_history":"finished","0007_add_sync_client_buckets_by_order_id_table":"finished","0008_migrate_to_sync_client_buckets_by_order_id":"started"}]
[29990][1556912635117][shared][info]["Migrations: Applying migration","0008_migrate_to_sync_client_buckets_by_order_id"]
[29990][1556912635118][shared][info]["Migrations: Processing IndexedDB data migration","0008_migrate_to_sync_client_buckets_by_order_id"]
[29990][1556912635143][shared][info]["Migrations: Saving migration context after completion","0008_migrate_to_sync_client_buckets_by_order_id",{"0000_initial":"finished","0001_add_archived_resources_table":"finished","0002_add_variable_sessions_table":"finished","0003_add_editor_tables":"finished","0004_migrate_ws_session_data":"finished","0005_cleanup_request_response_and_history_body":"finished","0006_add_dbp_to_request_response_and_history":"finished","0007_add_sync_client_buckets_by_order_id_table":"finished","0008_migrate_to_sync_client_buckets_by_order_id":"started"}]
[29990][1556912635147][shared][info]["Migrations: Starting migration","0009_remove_sync_client_buckets_table"]
[29990][1556912635148][shared][info]["Migrations: Setting context before starting migration","0009_remove_sync_client_buckets_table",{"0000_initial":"finished","0001_add_archived_resources_table":"finished","0002_add_variable_sessions_table":"finished","0003_add_editor_tables":"finished","0004_migrate_ws_session_data":"finished","0005_cleanup_request_response_and_history_body":"finished","0006_add_dbp_to_request_response_and_history":"finished","0007_add_sync_client_buckets_by_order_id_table":"finished","0008_migrate_to_sync_client_buckets_by_order_id":"finished","0009_remove_sync_client_buckets_table":"started"}]
[29990][1556912635151][shared][info]["Migrations: Applying migration","0009_remove_sync_client_buckets_table"]
[29990][1556912635151][shared][info]["Migrations: Upgrading IndexedDB to version","0009_remove_sync_client_buckets_table",6]
[29990][1556912635156][shared][info]["Migrations: Adding pending commit to queue","0009_remove_sync_client_buckets_table"]
[29990][1556912635157][shared][info]["Migrations: Starting migration","0010_add_history_owner"]
[29990][1556912635157][shared][info]["Migrations: Flushing pending migrations for","0010_add_history_owner"]
[29990][1556912635158][shared][info]["Migrations: Flushing pending commit for type","IndexeddbSchemaMigration"]
[29990][1556912635159][shared][info]["Migrations: Committing IndexedDB upgrade"]
[29990][1556912635245][shared][info]["Migrations: Updating status in migration context",{"0000_initial":"finished","0001_add_archived_resources_table":"finished","0002_add_variable_sessions_table":"finished","0003_add_editor_tables":"finished","0004_migrate_ws_session_data":"finished","0005_cleanup_request_response_and_history_body":"finished","0006_add_dbp_to_request_response_and_history":"finished","0007_add_sync_client_buckets_by_order_id_table":"finished","0008_migrate_to_sync_client_buckets_by_order_id":"finished","0009_remove_sync_client_buckets_table":"started"}]
[29990][1556912635248][shared][info]["Migrations: Updated status in migration context",{"0000_initial":"finished","0001_add_archived_resources_table":"finished","0002_add_variable_sessions_table":"finished","0003_add_editor_tables":"finished","0004_migrate_ws_session_data":"finished","0005_cleanup_request_response_and_history_body":"finished","0006_add_dbp_to_request_response_and_history":"finished","0007_add_sync_client_buckets_by_order_id_table":"finished","0008_migrate_to_sync_client_buckets_by_order_id":"finished","0009_remove_sync_client_buckets_table":"finished"}]
[29990][1556912635252][shared][info]["Migrations: Setting context before starting migration","0010_add_history_owner",{"0000_initial":"finished","0001_add_archived_resources_table":"finished","0002_add_variable_sessions_table":"finished","0003_add_editor_tables":"finished","0004_migrate_ws_session_data":"finished","0005_cleanup_request_response_and_history_body":"finished","0006_add_dbp_to_request_response_and_history":"finished","0007_add_sync_client_buckets_by_order_id_table":"finished","0008_migrate_to_sync_client_buckets_by_order_id":"finished","0009_remove_sync_client_buckets_table":"finished","0010_add_history_owner":"started"}]
[29990][1556912635256][shared][info]["Migrations: Applying migration","0010_add_history_owner"]
[29990][1556912635257][shared][info]["Migrations: Processing IndexedDB data migration","0010_add_history_owner"]
[29990][1556912635280][shared][info]["Migrations: Saving migration context after completion","0010_add_history_owner",{"0000_initial":"finished","0001_add_archived_resources_table":"finished","0002_add_variable_sessions_table":"finished","0003_add_editor_tables":"finished","0004_migrate_ws_session_data":"finished","0005_cleanup_request_response_and_history_body":"finished","0006_add_dbp_to_request_response_and_history":"finished","0007_add_sync_client_buckets_by_order_id_table":"finished","0008_migrate_to_sync_client_buckets_by_order_id":"finished","0009_remove_sync_client_buckets_table":"finished","0010_add_history_owner":"started"}]
[29990][1556912635284][shared][info]["Migrations: Starting migration","0011_add_history_response_table"]
[29990][1556912635285][shared][info]["Migrations: Setting context before starting migration","0011_add_history_response_table",{"0000_initial":"finished","0001_add_archived_resources_table":"finished","0002_add_variable_sessions_table":"finished","0003_add_editor_tables":"finished","0004_migrate_ws_session_data":"finished","0005_cleanup_request_response_and_history_body":"finished","0006_add_dbp_to_request_response_and_history":"finished","0007_add_sync_client_buckets_by_order_id_table":"finished","0008_migrate_to_sync_client_buckets_by_order_id":"finished","0009_remove_sync_client_buckets_table":"finished","0010_add_history_owner":"finished","0011_add_history_response_table":"started"}]
[29990][1556912635288][shared][info]["Migrations: Applying migration","0011_add_history_response_table"]
[29990][1556912635289][shared][info]["Migrations: Upgrading IndexedDB to version","0011_add_history_response_table",7]
[29990][1556912635296][shared][info]["Migrations: Adding pending commit to queue","0011_add_history_response_table"]
[29990][1556912635297][shared][info]["Migrations: Starting migration","0012_add_user_data_table"]
[29990][1556912635297][shared][info]["Migrations: Setting context before starting migration","0012_add_user_data_table",{"0000_initial":"finished","0001_add_archived_resources_table":"finished","0002_add_variable_sessions_table":"finished","0003_add_editor_tables":"finished","0004_migrate_ws_session_data":"finished","0005_cleanup_request_response_and_history_body":"finished","0006_add_dbp_to_request_response_and_history":"finished","0007_add_sync_client_buckets_by_order_id_table":"finished","0008_migrate_to_sync_client_buckets_by_order_id":"finished","0009_remove_sync_client_buckets_table":"finished","0010_add_history_owner":"finished","0011_add_history_response_table":"started","0012_add_user_data_table":"started"}]
[29990][1556912635300][shared][info]["Migrations: Applying migration","0012_add_user_data_table"]
[29990][1556912635300][shared][info]["Migrations: Upgrading IndexedDB to version","0012_add_user_data_table",8]
[29990][1556912635303][shared][info]["Migrations: Adding pending commit to queue","0012_add_user_data_table"]
[29990][1556912635303][shared][info]["Migrations: Starting migration","0013_sanitize_request_response_and_history_methods"]
[29990][1556912635304][shared][info]["Migrations: Flushing pending migrations for","0013_sanitize_request_response_and_history_methods"]
[29990][1556912635304][shared][info]["Migrations: Flushing pending commit for type","IndexeddbSchemaMigration"]
[29990][1556912635304][shared][info]["Migrations: Committing IndexedDB upgrade"]
[29990][1556912635834][shared][info]["Migrations: Updating status in migration context",{"0000_initial":"finished","0001_add_archived_resources_table":"finished","0002_add_variable_sessions_table":"finished","0003_add_editor_tables":"finished","0004_migrate_ws_session_data":"finished","0005_cleanup_request_response_and_history_body":"finished","0006_add_dbp_to_request_response_and_history":"finished","0007_add_sync_client_buckets_by_order_id_table":"finished","0008_migrate_to_sync_client_buckets_by_order_id":"finished","0009_remove_sync_client_buckets_table":"finished","0010_add_history_owner":"finished","0011_add_history_response_table":"started","0012_add_user_data_table":"started"}]
[29990][1556912635840][shared][info]["Migrations: Updated status in migration context",{"0000_initial":"finished","0001_add_archived_resources_table":"finished","0002_add_variable_sessions_table":"finished","0003_add_editor_tables":"finished","0004_migrate_ws_session_data":"finished","0005_cleanup_request_response_and_history_body":"finished","0006_add_dbp_to_request_response_and_history":"finished","0007_add_sync_client_buckets_by_order_id_table":"finished","0008_migrate_to_sync_client_buckets_by_order_id":"finished","0009_remove_sync_client_buckets_table":"finished","0010_add_history_owner":"finished","0011_add_history_response_table":"finished","0012_add_user_data_table":"finished"}]
[29990][1556912635845][shared][info]["Migrations: Setting context before starting migration","0013_sanitize_request_response_and_history_methods",{"0000_initial":"finished","0001_add_archived_resources_table":"finished","0002_add_variable_sessions_table":"finished","0003_add_editor_tables":"finished","0004_migrate_ws_session_data":"finished","0005_cleanup_request_response_and_history_body":"finished","0006_add_dbp_to_request_response_and_history":"finished","0007_add_sync_client_buckets_by_order_id_table":"finished","0008_migrate_to_sync_client_buckets_by_order_id":"finished","0009_remove_sync_client_buckets_table":"finished","0010_add_history_owner":"finished","0011_add_history_response_table":"finished","0012_add_user_data_table":"finished","0013_sanitize_request_response_and_history_methods":"started"}]
[29990][1556912635852][shared][info]["Migrations: Applying migration","0013_sanitize_request_response_and_history_methods"]
[29990][1556912635854][shared][info]["Migrations: Processing IndexedDB data migration","0013_sanitize_request_response_and_history_methods"]
[29990][1556912635886][shared][info]["Migrations: Saving migration context after completion","0013_sanitize_request_response_and_history_methods",{"0000_initial":"finished","0001_add_archived_resources_table":"finished","0002_add_variable_sessions_table":"finished","0003_add_editor_tables":"finished","0004_migrate_ws_session_data":"finished","0005_cleanup_request_response_and_history_body":"finished","0006_add_dbp_to_request_response_and_history":"finished","0007_add_sync_client_buckets_by_order_id_table":"finished","0008_migrate_to_sync_client_buckets_by_order_id":"finished","0009_remove_sync_client_buckets_table":"finished","0010_add_history_owner":"finished","0011_add_history_response_table":"finished","0012_add_user_data_table":"finished","0013_sanitize_request_response_and_history_methods":"started"}]
[29990][1556912635895][shared][info]["Migrations: Starting migration","0014_sanitize_response_requestobject_rawmodedata"]
[29990][1556912635897][shared][info]["Migrations: Flushing pending migrations for","0014_sanitize_response_requestobject_rawmodedata"]
[29990][1556912635898][shared][info]["Migrations: Updating status in migration context",{"0000_initial":"finished","0001_add_archived_resources_table":"finished","0002_add_variable_sessions_table":"finished","0003_add_editor_tables":"finished","0004_migrate_ws_session_data":"finished","0005_cleanup_request_response_and_history_body":"finished","0006_add_dbp_to_request_response_and_history":"finished","0007_add_sync_client_buckets_by_order_id_table":"finished","0008_migrate_to_sync_client_buckets_by_order_id":"finished","0009_remove_sync_client_buckets_table":"finished","0010_add_history_owner":"finished","0011_add_history_response_table":"finished","0012_add_user_data_table":"finished","0013_sanitize_request_response_and_history_methods":"finished"}]
[29990][1556912635899][shared][info]["Migrations: Updated status in migration context",{"0000_initial":"finished","0001_add_archived_resources_table":"finished","0002_add_variable_sessions_table":"finished","0003_add_editor_tables":"finished","0004_migrate_ws_session_data":"finished","0005_cleanup_request_response_and_history_body":"finished","0006_add_dbp_to_request_response_and_history":"finished","0007_add_sync_client_buckets_by_order_id_table":"finished","0008_migrate_to_sync_client_buckets_by_order_id":"finished","0009_remove_sync_client_buckets_table":"finished","0010_add_history_owner":"finished","0011_add_history_response_table":"finished","0012_add_user_data_table":"finished","0013_sanitize_request_response_and_history_methods":"finished"}]
[29990][1556912635900][shared][info]["Migrations: Setting context before starting migration","0014_sanitize_response_requestobject_rawmodedata",{"0000_initial":"finished","0001_add_archived_resources_table":"finished","0002_add_variable_sessions_table":"finished","0003_add_editor_tables":"finished","0004_migrate_ws_session_data":"finished","0005_cleanup_request_response_and_history_body":"finished","0006_add_dbp_to_request_response_and_history":"finished","0007_add_sync_client_buckets_by_order_id_table":"finished","0008_migrate_to_sync_client_buckets_by_order_id":"finished","0009_remove_sync_client_buckets_table":"finished","0010_add_history_owner":"finished","0011_add_history_response_table":"finished","0012_add_user_data_table":"finished","0013_sanitize_request_response_and_history_methods":"finished","0014_sanitize_response_requestobject_rawmodedata":"started"}]
[29990][1556912635902][shared][info]["Migrations: Applying migration","0014_sanitize_response_requestobject_rawmodedata"]
[29990][1556912635902][shared][info]["Migrations: Processing IndexedDB data migration","0014_sanitize_response_requestobject_rawmodedata"]
[29990][1556912635907][shared][info]["Migrations: Saving migration context after completion","0014_sanitize_response_requestobject_rawmodedata",{"0000_initial":"finished","0001_add_archived_resources_table":"finished","0002_add_variable_sessions_table":"finished","0003_add_editor_tables":"finished","0004_migrate_ws_session_data":"finished","0005_cleanup_request_response_and_history_body":"finished","0006_add_dbp_to_request_response_and_history":"finished","0007_add_sync_client_buckets_by_order_id_table":"finished","0008_migrate_to_sync_client_buckets_by_order_id":"finished","0009_remove_sync_client_buckets_table":"finished","0010_add_history_owner":"finished","0011_add_history_response_table":"finished","0012_add_user_data_table":"finished","0013_sanitize_request_response_and_history_methods":"finished","0014_sanitize_response_requestobject_rawmodedata":"started"}]
[29990][1556912635909][shared][info]["Migrations: Flushing pending commit steps"]
[29990][1556912635910][shared][info]["Migrations: Updating status in migration context",{"0000_initial":"finished","0001_add_archived_resources_table":"finished","0002_add_variable_sessions_table":"finished","0003_add_editor_tables":"finished","0004_migrate_ws_session_data":"finished","0005_cleanup_request_response_and_history_body":"finished","0006_add_dbp_to_request_response_and_history":"finished","0007_add_sync_client_buckets_by_order_id_table":"finished","0008_migrate_to_sync_client_buckets_by_order_id":"finished","0009_remove_sync_client_buckets_table":"finished","0010_add_history_owner":"finished","0011_add_history_response_table":"finished","0012_add_user_data_table":"finished","0013_sanitize_request_response_and_history_methods":"finished","0014_sanitize_response_requestobject_rawmodedata":"finished"}]
[29990][1556912635912][shared][info]["Migrations: Updated status in migration context",{"0000_initial":"finished","0001_add_archived_resources_table":"finished","0002_add_variable_sessions_table":"finished","0003_add_editor_tables":"finished","0004_migrate_ws_session_data":"finished","0005_cleanup_request_response_and_history_body":"finished","0006_add_dbp_to_request_response_and_history":"finished","0007_add_sync_client_buckets_by_order_id_table":"finished","0008_migrate_to_sync_client_buckets_by_order_id":"finished","0009_remove_sync_client_buckets_table":"finished","0010_add_history_owner":"finished","0011_add_history_response_table":"finished","0012_add_user_data_table":"finished","0013_sanitize_request_response_and_history_methods":"finished","0014_sanitize_response_requestobject_rawmodedata":"finished"}]
[29990][1556912635914][shared][info]["Migration: Finished all migrations"]
[29990][1556912636584][shared][info]["bootstrapModels - Success"]
[29990][1556912636586][shared][info]["WLModels\\x7eboot - Success"]
[29990][1556912636660][shared][info]["initializeConfigurationsValues - Success"]
[29990][1556912636923][shared][info]["Migrate - Bailed out due to:","FRESH_INSTALL"]
[29990][1556912637004][shared][info]["AppModels\\x7eboot - Success"]
[29990][1556912637016][shared][info]["SharedRuntimeListeners\\x7eboot - Success"]
[29990][1556912637031][shared][info]["Sync\\x7eboot - Success"]
[29990][1556912637035][shared][info]["Shared\\x7eboot - Success"]
[29990][1556912637036][shared][info]["booted - shared"]
