[29990][1556912640401][requester][info]["EventBus\\x7einitialize - Success"]
[29990][1556912640407][requester][info]["Messaging\\x7eboot - Success"]
[29990][1556912640424][requester][info]["Telemetry\\x7eboot - Success"]
[29990][1556912640430][requester][info]["bootConfigurations\\x7einitialize - Success"]
[29990][1556912640434][requester][info]["Settings\\x7eboot - Success"]
[29990][1556912640607][requester][info]["bootstrapModels - Success"]
[29990][1556912640608][requester][info]["WLModels\\x7eboot - Success"]
[29990][1556912640834][requester][info]["Session\\x7eboot - Success"]
[29990][1556912640842][requester][info]["IndependentServices\\x7eboot - Success"]
[29990][1556912640864][requester][info]["AppModels\\x7eboot - Success"]
[29990][1556912640865][requester][info]["RuntimeListeners\\x7eboot- Success"]
[29990][1556912640865][requester][info]["DBWatcher\\x7eboot - Success"]
[29990][1556912640884][requester][info]["ThemeManager\\x7eboot - Success"]
[29990][1556912640886][requester][info]["InAppMessaging\\x7eboot - Success"]
[29990][1556912640888][requester][info]["Store\\x7eboot - Success"]
[29990][1556912640892][requester][info]["Shortcuts\\x7eboot - Success"]
[29990][1556912640895][requester][info]["SyncProxy\\x7eboot - Success"]
[29990][1556912640910][requester][info]["Updater bailed! Running on Snap!"]
[29990][1556912640913][requester][info]["Requester\\x7eboot - Success"]
[29990][1556912640914][requester][info]["booted - requester"]
